{"name": "Validating the search feature", "status": "failed", "statusDetails": {"message": "AssertionError\n", "trace": "  File \"/home/kali/PycharmProjects/pythonProject/.venv/lib/python3.10/site-packages/behave/model.py\", line 1861, in run\n    match.run(runner.context)\n  File \"/home/kali/PycharmProjects/pythonProject/.venv/lib/python3.10/site-packages/behave/matchers.py\", line 104, in run\n    self.func(context, *args, **kwargs)\n  File \"features/steps/search_steps.py\", line 19, in step_impl\n    assert \"Googles\" in title\n"}, "steps": [{"name": "Given I navigate to google.com", "status": "passed", "start": 1725761258380, "stop": 1725761269719}, {"name": "When I validate the page title", "status": "failed", "statusDetails": {"message": "AssertionError\n", "trace": "  File \"/home/kali/PycharmProjects/pythonProject/.venv/lib/python3.10/site-packages/behave/model.py\", line 1861, in run\n    match.run(runner.context)\n  File \"/home/kali/PycharmProjects/pythonProject/.venv/lib/python3.10/site-packages/behave/matchers.py\", line 104, in run\n    self.func(context, *args, **kwargs)\n  File \"features/steps/search_steps.py\", line 19, in step_impl\n    assert \"Googles\" in title\n"}, "attachments": [{"name": "screenshot", "source": "4537f1f8-f202-4323-93cf-abd421abcfd1-attachment.png", "type": "image/png"}], "start": 1725761269719, "stop": 1725761270024}, {"name": "Then I enter the text as \"Hello Selenium\"", "status": "skipped", "start": 1725761270168, "stop": 1725761270168}, {"name": "And I click the search button", "status": "skipped", "start": 1725761270168, "stop": 1725761270168}], "start": 1725761253591, "stop": 1725761270168, "uuid": "9b1e7911-3c37-44bd-a248-5ab7bfbc2d5f", "historyId": "4d6369b7bb91fdbd95789422fe9ae6e6", "fullName": "Search feature: Validating the search feature", "labels": [{"name": "severity", "value": "normal"}, {"name": "tag", "value": "sanity"}, {"name": "feature", "value": "Search feature"}, {"name": "framework", "value": "behave"}, {"name": "language", "value": "cpython3"}]}